Using pre-set license
Built from '2020.3/staging' branch; Version is '2020.3.33f1 (915a7af8b0d5) revision 9525882'; Using compiler version '192528614'; Build Type 'Release'
OS: 'Windows 10  (10.0.19044) 64bit Professional' Language: 'en' Physical Memory: 16315 MB
BatchMode: 1, IsHumanControllingUs: 0, StartBugReporterOnCrash: 0, Is64bit: 1, IsPro: 0

COMMAND LINE ARGUMENTS:
C:\Program Files\Unity\Hub\Editor\2020.3.33f1\Editor\Unity.exe
-adb2
-batchMode
-noUpm
-name
AssetImportWorker1
-projectPath
C:/Users/RYZEN 5/Documents/GitHub/MR_RetailExperienceWorkshop/New project
-logFile
Logs/AssetImportWorker1.log
-srvPort
58742
Successfully changed project path to: C:/Users/RYZEN 5/Documents/GitHub/MR_RetailExperienceWorkshop/New project
C:/Users/RYZEN 5/Documents/GitHub/MR_RetailExperienceWorkshop/New project
Using Asset Import Pipeline V2.
Refreshing native plugins compatible for Editor in 90.10 ms, found 10 plugins.
Preloading 0 native plugins for Editor in 0.00 ms.
Initialize engine version: 2020.3.33f1 (915a7af8b0d5)
[Subsystems] Discovering subsystems at path C:/Program Files/Unity/Hub/Editor/2020.3.33f1/Editor/Data/Resources/UnitySubsystems
[Subsystems] Discovering subsystems at path C:/Users/RYZEN 5/Documents/GitHub/MR_RetailExperienceWorkshop/New project/Assets
GfxDevice: creating device client; threaded=0
Direct3D:
    Version:  Direct3D 11.0 [level 11.0]
    Renderer: NVIDIA GeForce GT 710 (ID=0x128b)
    Vendor:   
    VRAM:     2007 MB
    Driver:   27.21.14.5671
Initialize mono
Mono path[0] = 'C:/Program Files/Unity/Hub/Editor/2020.3.33f1/Editor/Data/Managed'
Mono path[1] = 'C:/Program Files/Unity/Hub/Editor/2020.3.33f1/Editor/Data/MonoBleedingEdge/lib/mono/unityjit'
Mono config path = 'C:/Program Files/Unity/Hub/Editor/2020.3.33f1/Editor/Data/MonoBleedingEdge/etc'
Using monoOptions --debugger-agent=transport=dt_socket,embedding=1,server=y,suspend=n,address=127.0.0.1:56100
Begin MonoManager ReloadAssembly
Registering precompiled unity dll's ...
Register platform support module: C:/Program Files/Unity/Hub/Editor/2020.3.33f1/Editor/Data/PlaybackEngines/WebGLSupport/UnityEditor.WebGL.Extensions.dll
Register platform support module: C:/Program Files/Unity/Hub/Editor/2020.3.33f1/Editor/Data/PlaybackEngines/WindowsStandaloneSupport/UnityEditor.WindowsStandalone.Extensions.dll
Registered in 0.002054 seconds.
Native extension for WindowsStandalone target not found
Native extension for WebGL target not found
Refreshing native plugins compatible for Editor in 83.75 ms, found 10 plugins.
Preloading 0 native plugins for Editor in 0.00 ms.
Mono: successfully reloaded assembly
- Completed reload, in  0.555 seconds
Domain Reload Profiling:
	ReloadAssembly (556ms)
		BeginReloadAssembly (56ms)
			ExecutionOrderSort (0ms)
			DisableScriptedObjects (0ms)
			BackupInstance (0ms)
			ReleaseScriptingObjects (0ms)
			CreateAndSetChildDomain (1ms)
		EndReloadAssembly (433ms)
			LoadAssemblies (54ms)
			RebuildTransferFunctionScriptingTraits (0ms)
			SetupTypeCache (126ms)
			ReleaseScriptCaches (0ms)
			RebuildScriptCaches (25ms)
			SetupLoadedEditorAssemblies (189ms)
				LogAssemblyErrors (0ms)
				InitializePlatformSupportModulesInManaged (5ms)
				SetLoadedEditorAssemblies (0ms)
				RefreshPlugins (84ms)
				BeforeProcessingInitializeOnLoad (14ms)
				ProcessInitializeOnLoadAttributes (65ms)
				ProcessInitializeOnLoadMethodAttributes (22ms)
				AfterProcessingInitializeOnLoad (0ms)
				EditorAssembliesLoaded (0ms)
			ExecutionOrderSort2 (0ms)
			AwakeInstancesAfterBackupRestoration (0ms)
Platform modules already initialized, skipping
Registering precompiled user dll's ...
Registered in 0.009547 seconds.
Begin MonoManager ReloadAssembly
Symbol file LoadedFromMemory doesn't match image C:\Users\RYZEN 5\Documents\GitHub\MR_RetailExperienceWorkshop\New project\Library\PackageCache\com.unity.collab-proxy@1.15.15\Lib\Editor\PlasticSCM\unityplastic.dll
Native extension for WindowsStandalone target not found
Native extension for WebGL target not found
Refreshing native plugins compatible for Editor in 83.23 ms, found 10 plugins.
Preloading 0 native plugins for Editor in 0.00 ms.
Mono: successfully reloaded assembly
- Completed reload, in  1.825 seconds
Domain Reload Profiling:
	ReloadAssembly (1829ms)
		BeginReloadAssembly (132ms)
			ExecutionOrderSort (0ms)
			DisableScriptedObjects (4ms)
			BackupInstance (0ms)
			ReleaseScriptingObjects (0ms)
			CreateAndSetChildDomain (18ms)
		EndReloadAssembly (1641ms)
			LoadAssemblies (97ms)
			RebuildTransferFunctionScriptingTraits (0ms)
			SetupTypeCache (319ms)
			ReleaseScriptCaches (1ms)
			RebuildScriptCaches (68ms)
			SetupLoadedEditorAssemblies (1043ms)
				LogAssemblyErrors (0ms)
				InitializePlatformSupportModulesInManaged (4ms)
				SetLoadedEditorAssemblies (0ms)
				RefreshPlugins (83ms)
				BeforeProcessingInitializeOnLoad (125ms)
				ProcessInitializeOnLoadAttributes (206ms)
				ProcessInitializeOnLoadMethodAttributes (619ms)
				AfterProcessingInitializeOnLoad (6ms)
				EditorAssembliesLoaded (0ms)
			ExecutionOrderSort2 (0ms)
			AwakeInstancesAfterBackupRestoration (5ms)
Platform modules already initialized, skipping
========================================================================
Worker process is ready to serve import requests
Launched and connected shader compiler UnityShaderCompiler.exe after 0.09 seconds
Refreshing native plugins compatible for Editor in 1.27 ms, found 10 plugins.
Preloading 0 native plugins for Editor in 0.00 ms.
Unloading 4471 Unused Serialized files (Serialized files now loaded: 0)
System memory in use before: 187.0 MB.
System memory in use after: 187.2 MB.

Unloading 43 unused Assets to reduce memory usage. Loaded Objects now: 4889.
Total: 4.085600 ms (FindLiveObjects: 0.453300 ms CreateObjectMapping: 0.135900 ms MarkObjects: 3.393600 ms  DeleteObjects: 0.101900 ms)

AssetImportParameters requested are different than current active one (requested -> active):
  custom:framework-win-MediaFoundation: 216162199b28c13a410421893ffa2e32 -> 
  custom:video-decoder-ogg-theora: a1e56fd34408186e4bbccfd4996cb3dc -> 
  custom:container-muxer-webm: aa71ff27fc2769a1b78a27578f13a17b -> 
  custom:container-demuxer-webm: 4f35f7cbe854078d1ac9338744f61a02 -> 
  custom:container-demuxer-ogg: 62fdf1f143b41e24485cea50d1cbac27 -> 
  custom:video-encoder-webm-vp8: eb34c28f22e8b96e1ab97ce403110664 -> 
  custom:video-decoder-webm-vp8: 9c59270c3fd7afecdb556c50c9e8de78 -> 
  custom:audio-decoder-ogg-vorbis: bf7c407c2cedff20999df2af8eb42d56 -> 
  custom:audio-encoder-webm-vorbis: bf7c407c2cedff20999df2af8eb42d56 -> 
========================================================================
Received Import Request.
  path: Assets/MR_RetailShowroom/Scenes/Global Volume Profile.asset
  artifactKey: Guid(784a7af8060bc4249bde5fe8cbecf087) Importer(815301076,1909f56bfc062723c751e8b465ee728b)
Start importing Assets/MR_RetailShowroom/Scenes/Global Volume Profile.asset using Guid(784a7af8060bc4249bde5fe8cbecf087) Importer(815301076,1909f56bfc062723c751e8b465ee728b)  -> (artifact id: '2a58d34e97666928f790f027019cb547') in 0.043570 seconds 
========================================================================
Received Import Request.
  Time since last request: 0.925520 seconds.
  path: Assets/MR_RetailShowroom/Prefab/Retail Dress Showroom.prefab
  artifactKey: Guid(8b1b690b900a2ea44b7743d3d7b1216e) Importer(815301076,1909f56bfc062723c751e8b465ee728b)
Start importing Assets/MR_RetailShowroom/Prefab/Retail Dress Showroom.prefab using Guid(8b1b690b900a2ea44b7743d3d7b1216e) Importer(815301076,1909f56bfc062723c751e8b465ee728b)  -> (artifact id: 'af7a40a3f19636f42e492bd8b3575f39') in 0.545738 seconds 
========================================================================
Received Import Request.
  Time since last request: 2.109065 seconds.
  path: Assets/MR_RetailShowroom/Scenes/MR_RetailExperienceWorkshop Asset - Functionality.unity
  artifactKey: Guid(1209af782b1fbe644a0581f55548cc98) Importer(815301076,1909f56bfc062723c751e8b465ee728b)
Start importing Assets/MR_RetailShowroom/Scenes/MR_RetailExperienceWorkshop Asset - Functionality.unity using Guid(1209af782b1fbe644a0581f55548cc98) Importer(815301076,1909f56bfc062723c751e8b465ee728b)  -> (artifact id: 'bbb30a892122ad9d4e8e329c925c0b12') in 0.005558 seconds 
========================================================================
Received Import Request.
  Time since last request: 0.085334 seconds.
  path: Assets/MR_RetailShowroom/Prefab/Cloth tag.prefab
  artifactKey: Guid(6db235597e189d04393cfe6ad6daaa76) Importer(815301076,1909f56bfc062723c751e8b465ee728b)
Start importing Assets/MR_RetailShowroom/Prefab/Cloth tag.prefab using Guid(6db235597e189d04393cfe6ad6daaa76) Importer(815301076,1909f56bfc062723c751e8b465ee728b)  -> (artifact id: '619da058fb21817a909f53c487adb614') in 0.031140 seconds 
AssetImportWorkerClient::OnTransportError - code=2 error=End of file
