Using pre-set license
Built from '2020.3/staging' branch; Version is '2020.3.33f1 (915a7af8b0d5) revision 9525882'; Using compiler version '192528614'; Build Type 'Release'
OS: 'Windows 10  (10.0.19044) 64bit Professional' Language: 'en' Physical Memory: 16315 MB
BatchMode: 1, IsHumanControllingUs: 0, StartBugReporterOnCrash: 0, Is64bit: 1, IsPro: 0

COMMAND LINE ARGUMENTS:
C:\Program Files\Unity\Hub\Editor\2020.3.33f1\Editor\Unity.exe
-adb2
-batchMode
-noUpm
-name
AssetImportWorker0
-projectPath
C:/Users/RYZEN 5/Documents/GitHub/MR_RetailExperienceWorkshop/New project
-logFile
Logs/AssetImportWorker0.log
-srvPort
61663
Successfully changed project path to: C:/Users/RYZEN 5/Documents/GitHub/MR_RetailExperienceWorkshop/New project
C:/Users/RYZEN 5/Documents/GitHub/MR_RetailExperienceWorkshop/New project
Using Asset Import Pipeline V2.
Refreshing native plugins compatible for Editor in 86.95 ms, found 7 plugins.
Preloading 0 native plugins for Editor in 0.00 ms.
Initialize engine version: 2020.3.33f1 (915a7af8b0d5)
[Subsystems] Discovering subsystems at path C:/Program Files/Unity/Hub/Editor/2020.3.33f1/Editor/Data/Resources/UnitySubsystems
[Subsystems] Discovering subsystems at path C:/Users/RYZEN 5/Documents/GitHub/MR_RetailExperienceWorkshop/New project/Assets
GfxDevice: creating device client; threaded=0
Direct3D:
    Version:  Direct3D 11.0 [level 11.0]
    Renderer: NVIDIA GeForce GT 710 (ID=0x128b)
    Vendor:   
    VRAM:     2007 MB
    Driver:   27.21.14.5671
Initialize mono
Mono path[0] = 'C:/Program Files/Unity/Hub/Editor/2020.3.33f1/Editor/Data/Managed'
Mono path[1] = 'C:/Program Files/Unity/Hub/Editor/2020.3.33f1/Editor/Data/MonoBleedingEdge/lib/mono/unityjit'
Mono config path = 'C:/Program Files/Unity/Hub/Editor/2020.3.33f1/Editor/Data/MonoBleedingEdge/etc'
Using monoOptions --debugger-agent=transport=dt_socket,embedding=1,server=y,suspend=n,address=127.0.0.1:56096
Begin MonoManager ReloadAssembly
Registering precompiled unity dll's ...
Register platform support module: C:/Program Files/Unity/Hub/Editor/2020.3.33f1/Editor/Data/PlaybackEngines/WebGLSupport/UnityEditor.WebGL.Extensions.dll
Register platform support module: C:/Program Files/Unity/Hub/Editor/2020.3.33f1/Editor/Data/PlaybackEngines/WindowsStandaloneSupport/UnityEditor.WindowsStandalone.Extensions.dll
Registered in 0.002091 seconds.
Native extension for WindowsStandalone target not found
Native extension for WebGL target not found
Refreshing native plugins compatible for Editor in 83.04 ms, found 7 plugins.
Preloading 0 native plugins for Editor in 0.00 ms.
Mono: successfully reloaded assembly
- Completed reload, in  0.557 seconds
Domain Reload Profiling:
	ReloadAssembly (557ms)
		BeginReloadAssembly (54ms)
			ExecutionOrderSort (0ms)
			DisableScriptedObjects (0ms)
			BackupInstance (0ms)
			ReleaseScriptingObjects (0ms)
			CreateAndSetChildDomain (1ms)
		EndReloadAssembly (435ms)
			LoadAssemblies (53ms)
			RebuildTransferFunctionScriptingTraits (0ms)
			SetupTypeCache (125ms)
			ReleaseScriptCaches (0ms)
			RebuildScriptCaches (25ms)
			SetupLoadedEditorAssemblies (193ms)
				LogAssemblyErrors (0ms)
				InitializePlatformSupportModulesInManaged (5ms)
				SetLoadedEditorAssemblies (0ms)
				RefreshPlugins (83ms)
				BeforeProcessingInitializeOnLoad (14ms)
				ProcessInitializeOnLoadAttributes (68ms)
				ProcessInitializeOnLoadMethodAttributes (22ms)
				AfterProcessingInitializeOnLoad (0ms)
				EditorAssembliesLoaded (0ms)
			ExecutionOrderSort2 (0ms)
			AwakeInstancesAfterBackupRestoration (0ms)
Platform modules already initialized, skipping
Registering precompiled user dll's ...
Registered in 0.008104 seconds.
Begin MonoManager ReloadAssembly
Symbol file LoadedFromMemory doesn't match image C:\Users\RYZEN 5\Documents\GitHub\MR_RetailExperienceWorkshop\New project\Library\PackageCache\com.unity.collab-proxy@1.15.15\Lib\Editor\PlasticSCM\unityplastic.dll
Native extension for WindowsStandalone target not found
Native extension for WebGL target not found
Refreshing native plugins compatible for Editor in 87.73 ms, found 7 plugins.
Preloading 0 native plugins for Editor in 0.00 ms.
Mono: successfully reloaded assembly
- Completed reload, in  1.211 seconds
Domain Reload Profiling:
	ReloadAssembly (1212ms)
		BeginReloadAssembly (132ms)
			ExecutionOrderSort (0ms)
			DisableScriptedObjects (5ms)
			BackupInstance (0ms)
			ReleaseScriptingObjects (0ms)
			CreateAndSetChildDomain (18ms)
		EndReloadAssembly (1023ms)
			LoadAssemblies (97ms)
			RebuildTransferFunctionScriptingTraits (0ms)
			SetupTypeCache (314ms)
			ReleaseScriptCaches (1ms)
			RebuildScriptCaches (61ms)
			SetupLoadedEditorAssemblies (441ms)
				LogAssemblyErrors (0ms)
				InitializePlatformSupportModulesInManaged (4ms)
				SetLoadedEditorAssemblies (0ms)
				RefreshPlugins (88ms)
				BeforeProcessingInitializeOnLoad (125ms)
				ProcessInitializeOnLoadAttributes (208ms)
				ProcessInitializeOnLoadMethodAttributes (11ms)
				AfterProcessingInitializeOnLoad (6ms)
				EditorAssembliesLoaded (0ms)
			ExecutionOrderSort2 (0ms)
			AwakeInstancesAfterBackupRestoration (5ms)
Platform modules already initialized, skipping
========================================================================
Worker process is ready to serve import requests
Launched and connected shader compiler UnityShaderCompiler.exe after 0.04 seconds
Refreshing native plugins compatible for Editor in 1.09 ms, found 7 plugins.
Preloading 0 native plugins for Editor in 0.00 ms.
Unloading 4405 Unused Serialized files (Serialized files now loaded: 0)
System memory in use before: 184.6 MB.
System memory in use after: 184.8 MB.

Unloading 43 unused Assets to reduce memory usage. Loaded Objects now: 4821.
Total: 4.448200 ms (FindLiveObjects: 0.448300 ms CreateObjectMapping: 0.148000 ms MarkObjects: 3.744600 ms  DeleteObjects: 0.105900 ms)

AssetImportParameters requested are different than current active one (requested -> active):
  custom:framework-win-MediaFoundation: 216162199b28c13a410421893ffa2e32 -> 
  custom:video-decoder-ogg-theora: a1e56fd34408186e4bbccfd4996cb3dc -> 
  custom:container-muxer-webm: aa71ff27fc2769a1b78a27578f13a17b -> 
  custom:container-demuxer-webm: 4f35f7cbe854078d1ac9338744f61a02 -> 
  custom:container-demuxer-ogg: 62fdf1f143b41e24485cea50d1cbac27 -> 
  custom:video-encoder-webm-vp8: eb34c28f22e8b96e1ab97ce403110664 -> 
  custom:video-decoder-webm-vp8: 9c59270c3fd7afecdb556c50c9e8de78 -> 
  custom:audio-decoder-ogg-vorbis: bf7c407c2cedff20999df2af8eb42d56 -> 
  custom:audio-encoder-webm-vorbis: bf7c407c2cedff20999df2af8eb42d56 -> 
========================================================================
Received Import Request.
  path: Assets/MR_RetailShowroom/Prefab
  artifactKey: Guid(3fc94a7f8aba1fe47b371c990e54be98) Importer(815301076,1909f56bfc062723c751e8b465ee728b)
Start importing Assets/MR_RetailShowroom/Prefab using Guid(3fc94a7f8aba1fe47b371c990e54be98) Importer(815301076,1909f56bfc062723c751e8b465ee728b)  -> (artifact id: '59d54fec6dbaf0e0b3d1902cd8cfd17e') in 0.011395 seconds 
========================================================================
Received Import Request.
  Time since last request: 101.056036 seconds.
  path: Assets/MR_RetailShowroom/Prefab/Cloth tag.prefab
  artifactKey: Guid(6db235597e189d04393cfe6ad6daaa76) Importer(815301076,1909f56bfc062723c751e8b465ee728b)
Start importing Assets/MR_RetailShowroom/Prefab/Cloth tag.prefab using Guid(6db235597e189d04393cfe6ad6daaa76) Importer(815301076,1909f56bfc062723c751e8b465ee728b)  -> (artifact id: '5a09154927d979fc258b87851977aa10') in 0.092566 seconds 
========================================================================
Received Import Request.
  Time since last request: 13.365797 seconds.
  path: Assets/MR_RetailShowroom/Prefab/Book tag.prefab
  artifactKey: Guid(be9628d5f3308b84a829f32ff05bc2a9) Importer(815301076,1909f56bfc062723c751e8b465ee728b)
Start importing Assets/MR_RetailShowroom/Prefab/Book tag.prefab using Guid(be9628d5f3308b84a829f32ff05bc2a9) Importer(815301076,1909f56bfc062723c751e8b465ee728b)  -> (artifact id: '05c730ce3ac7c8aa402ab86785841105') in 0.028316 seconds 
========================================================================
Received Import Request.
  Time since last request: 13.856131 seconds.
  path: Assets/MR_RetailShowroom/Prefab/Feature Slate.prefab
  artifactKey: Guid(ef8776d9a873c914096c66225c478a82) Importer(815301076,1909f56bfc062723c751e8b465ee728b)
Start importing Assets/MR_RetailShowroom/Prefab/Feature Slate.prefab using Guid(ef8776d9a873c914096c66225c478a82) Importer(815301076,1909f56bfc062723c751e8b465ee728b)  -> (artifact id: '9cc0416fa03641c5550dea3735451af2') in 0.370248 seconds 
========================================================================
Received Import Request.
  Time since last request: 4.961466 seconds.
  path: Assets/MR_RetailShowroom/Prefab/MRTKV3_Dressroom.prefab
  artifactKey: Guid(8b1b690b900a2ea44b7743d3d7b1216e) Importer(815301076,1909f56bfc062723c751e8b465ee728b)
Start importing Assets/MR_RetailShowroom/Prefab/MRTKV3_Dressroom.prefab using Guid(8b1b690b900a2ea44b7743d3d7b1216e) Importer(815301076,1909f56bfc062723c751e8b465ee728b)  -> (artifact id: '444a0f36be5eedc2219394507d2d9264') in 0.275552 seconds 
========================================================================
Received Import Request.
  Time since last request: 0.485272 seconds.
  path: Assets/MR_RetailShowroom/Prefab/HandMenu.prefab
  artifactKey: Guid(02387d23ce9917c46836571ee68e084f) Importer(815301076,1909f56bfc062723c751e8b465ee728b)
Start importing Assets/MR_RetailShowroom/Prefab/HandMenu.prefab using Guid(02387d23ce9917c46836571ee68e084f) Importer(815301076,1909f56bfc062723c751e8b465ee728b)  -> (artifact id: '7ef92ad98aa238296008ae0d8201baf7') in 0.074186 seconds 
========================================================================
Received Import Request.
  Time since last request: 2.959803 seconds.
  path: Assets/MR_RetailShowroom/Prefab/Pants tag 1.prefab
  artifactKey: Guid(6f0b84cb40bb66644a720a6322fba4ea) Importer(815301076,1909f56bfc062723c751e8b465ee728b)
Start importing Assets/MR_RetailShowroom/Prefab/Pants tag 1.prefab using Guid(6f0b84cb40bb66644a720a6322fba4ea) Importer(815301076,1909f56bfc062723c751e8b465ee728b)  -> (artifact id: '35a5cdf08da2663966b99ab34a65137d') in 0.025791 seconds 
========================================================================
Received Import Request.
  Time since last request: 11.055638 seconds.
  path: Assets/MR_RetailShowroom/Prefab/Pants Tag.prefab
  artifactKey: Guid(52994ff27d3a483478c88ab7a8cca7cf) Importer(815301076,1909f56bfc062723c751e8b465ee728b)
Start importing Assets/MR_RetailShowroom/Prefab/Pants Tag.prefab using Guid(52994ff27d3a483478c88ab7a8cca7cf) Importer(815301076,1909f56bfc062723c751e8b465ee728b)  -> (artifact id: '4a021937bf919057d2ff03db46f54005') in 0.025318 seconds 
========================================================================
Received Import Request.
  Time since last request: 12.084934 seconds.
  path: Assets/MR_RetailShowroom/Prefab/Shoes tag.prefab
  artifactKey: Guid(f4c254aa9b5b3b14e9109103d051a680) Importer(815301076,1909f56bfc062723c751e8b465ee728b)
Start importing Assets/MR_RetailShowroom/Prefab/Shoes tag.prefab using Guid(f4c254aa9b5b3b14e9109103d051a680) Importer(815301076,1909f56bfc062723c751e8b465ee728b)  -> (artifact id: '5954bd5936e8943d4e52348ab0e93912') in 0.026860 seconds 
========================================================================
Received Import Request.
  Time since last request: 13.613441 seconds.
  path: Assets/MR_RetailShowroom/Prefab/WhiteboardExample.prefab
  artifactKey: Guid(9f4ac51f287a11f4d8276201f7b2103f) Importer(815301076,1909f56bfc062723c751e8b465ee728b)
Start importing Assets/MR_RetailShowroom/Prefab/WhiteboardExample.prefab using Guid(9f4ac51f287a11f4d8276201f7b2103f) Importer(815301076,1909f56bfc062723c751e8b465ee728b)  -> (artifact id: '9c6eef466afcc539d00dbdd963ff3133') in 0.100835 seconds 
AssetImportWorkerClient::OnTransportError - code=2 error=End of file
